26-01-2018 09:14:44 1516958084682 BuildInfo[
                          Build=20171130
                          BuildNumber=20171130
                          Revision=feca534
                          Version=3.9.1
                          SerialVersion=1
                          Enterprise=false]
26-01-2018 09:14:44 1516958084682 ConfigProperties[]
26-01-2018 09:14:44 1516958084682 SystemProperties[
                          hazelcast.diagnostics.enabled=true
                          java.class.path=C:\Users\riaz\git5\jet-demos\ServerMember\target\classes;C:\Users\riaz\.m2\repository\com\hazelcast\hazelcast-all\3.9.1\hazelcast-all-3.9.1.jar
                          java.class.version=52.0
                          java.endorsed.dirs=C:\Program Files\Java\jdk1.8.0_131\jre\lib\endorsed
                          java.ext.dirs=C:\Program Files\Java\jdk1.8.0_131\jre\lib\ext;C:\WINDOWS\Sun\Java\lib\ext
                          java.home=C:\Program Files\Java\jdk1.8.0_131\jre
                          java.io.tmpdir=C:\Users\riaz\AppData\Local\Temp\
                          java.library.path=C:\Program Files\Java\jdk1.8.0_131\bin;C:\WINDOWS\Sun\Java\bin;C:\WINDOWS\system32;C:\WINDOWS;C:\ProgramData\Oracle\Java\javapath;C:\WINDOWS\system32;C:\WINDOWS;C:\WINDOWS\System32\Wbem;C:\WINDOWS\System32\WindowsPowerShell\v1.0\;C:\Program Files\Cloud Foundry;C:\Program Files\Git\cmd;C:\Program Files\nodejs\;C:\OpenSSL-Win32\bin;C:\Program Files\Java\jdk1.8.0_131\bin;C:\Program Files (x86)\OpenVPN\bin;C:\Users\riaz\AppData\Local\Microsoft\WindowsApps;C:\Users\riaz\AppData\Roaming\npm;C:\Users\riaz\AppData\Local\atom\bin;%USERPROFILE%\AppData\Local\Microsoft\WindowsApps;;.
                          java.runtime.name=Java(TM) SE Runtime Environment
                          java.runtime.version=1.8.0_131-b11
                          java.specification.name=Java Platform API Specification
                          java.specification.vendor=Oracle Corporation
                          java.specification.version=1.8
                          java.vendor=Oracle Corporation
                          java.vendor.url=http://java.oracle.com/
                          java.vendor.url.bug=http://bugreport.sun.com/bugreport/
                          java.version=1.8.0_131
                          java.vm.args=-Dhazelcast.diagnostics.enabled=true -Dfile.encoding=UTF-8 
                          java.vm.info=mixed mode
                          java.vm.name=Java HotSpot(TM) 64-Bit Server VM
                          java.vm.specification.name=Java Virtual Machine Specification
                          java.vm.specification.vendor=Oracle Corporation
                          java.vm.specification.version=1.8
                          java.vm.vendor=Oracle Corporation
                          java.vm.version=25.131-b11
                          os.arch=amd64
                          os.name=Windows 10
                          os.version=10.0
                          sun.arch.data.model=64
                          sun.boot.class.path=C:\Program Files\Java\jdk1.8.0_131\jre\lib\resources.jar;C:\Program Files\Java\jdk1.8.0_131\jre\lib\rt.jar;C:\Program Files\Java\jdk1.8.0_131\jre\lib\sunrsasign.jar;C:\Program Files\Java\jdk1.8.0_131\jre\lib\jsse.jar;C:\Program Files\Java\jdk1.8.0_131\jre\lib\jce.jar;C:\Program Files\Java\jdk1.8.0_131\jre\lib\charsets.jar;C:\Program Files\Java\jdk1.8.0_131\jre\lib\jfr.jar;C:\Program Files\Java\jdk1.8.0_131\jre\classes
                          sun.boot.library.path=C:\Program Files\Java\jdk1.8.0_131\jre\bin
                          sun.cpu.endian=little
                          sun.cpu.isalist=amd64
                          sun.desktop=windows
                          sun.io.unicode.encoding=UnicodeLittle
                          sun.java.command=com.rlab.hazelcast.ServerMember.ServerMember
                          sun.java.launcher=SUN_STANDARD
                          sun.jnu.encoding=Cp1252
                          sun.management.compiler=HotSpot 64-Bit Tiered Compilers
                          sun.os.patch.level=]
26-01-2018 09:14:44 1516958084682 Metric[classloading.loadedClassesCount=5680]
26-01-2018 09:14:44 1516958084682 Metric[classloading.totalLoadedClassesCount=5680]
26-01-2018 09:14:44 1516958084682 Metric[classloading.unloadedClassCount=0]
26-01-2018 09:14:44 1516958084682 Metric[executionService.userExecutorQueueSize=0]
26-01-2018 09:14:44 1516958084682 Metric[file.partition[user.home].freeSpace=289155526656]
26-01-2018 09:14:44 1516958084682 Metric[file.partition[user.home].totalSpace=511515291648]
26-01-2018 09:14:44 1516958084682 Metric[file.partition[user.home].usableSpace=289155526656]
26-01-2018 09:14:44 1516958084682 Metric[gc.majorCount=1]
26-01-2018 09:14:44 1516958084682 Metric[gc.majorTime=24]
26-01-2018 09:14:44 1516958084682 Metric[gc.minorCount=2]
26-01-2018 09:14:44 1516958084682 Metric[gc.minorTime=14]
26-01-2018 09:14:44 1516958084682 Metric[gc.unknownCount=0]
26-01-2018 09:14:44 1516958084682 Metric[gc.unknownTime=0]
26-01-2018 09:14:44 1516958084682 Metric[invocations.pendingCalls=0]
26-01-2018 09:14:44 1516958084682 Metric[listeners.eventHandlerCount=2]
26-01-2018 09:14:44 1516958084682 Metric[listeners.eventQueueSize=0]
26-01-2018 09:14:44 1516958084682 Metric[listeners.eventsProcessed=7]
26-01-2018 09:14:44 1516958084682 Metric[os.committedVirtualMemorySize=788537344]
26-01-2018 09:14:44 1516958084682 Metric[os.freePhysicalMemorySize=22888103936]
26-01-2018 09:14:44 1516958084682 Metric[os.freeSwapSpaceSize=21304250368]
26-01-2018 09:14:44 1516958084682 Metric[os.processCpuLoad=0.038703092866327116]
26-01-2018 09:14:44 1516958084682 Metric[os.processCpuTime=7484375000]
26-01-2018 09:14:44 1516958084682 Metric[os.systemCpuLoad=0.30006442905382336]
26-01-2018 09:14:44 1516958084682 Metric[os.systemLoadAverage=-100.0]
26-01-2018 09:14:44 1516958084682 Metric[os.totalPhysicalMemorySize=34246524928]
26-01-2018 09:14:44 1516958084682 Metric[os.totalSwapSpaceSize=39346798592]
26-01-2018 09:14:44 1516958084682 Metric[runtime.availableProcessors=4]
26-01-2018 09:14:44 1516958084682 Metric[runtime.freeMemory=290980576]
26-01-2018 09:14:44 1516958084682 Metric[runtime.maxMemory=7611613184]
26-01-2018 09:14:44 1516958084682 Metric[runtime.totalMemory=391643136]
26-01-2018 09:14:44 1516958084682 Metric[runtime.uptime=11520]
26-01-2018 09:14:44 1516958084682 Metric[runtime.usedMemory=100662560]
26-01-2018 09:14:44 1516958084682 Metric[thread.daemonThreadCount=6]
26-01-2018 09:14:44 1516958084682 Metric[thread.peakThreadCount=63]
26-01-2018 09:14:44 1516958084682 Metric[thread.threadCount=63]
26-01-2018 09:14:44 1516958084682 Metric[thread.totalStartedThreadCount=63]
26-01-2018 09:14:46 1516958086682 ConnectionAdded[
                          ClientConnection{alive=true, connectionId=2, channel=NioChannel{/192.168.0.3:65078->/192.168.0.3:5701}, remoteEndpoint=[192.168.0.3]:5701, lastReadTime=2018-01-26 09:14:45.738, lastWriteTime=2018-01-26 09:14:45.729, closedTime=never, lastHeartbeatRequested=never, lastHeartbeatReceived=never, connected server version=3.9.1}
                          type=JAVA_CLIENT
                          isAlive=true]
26-01-2018 09:15:44 1516958144681 Metric[classloading.loadedClassesCount=5764]
26-01-2018 09:15:44 1516958144681 Metric[classloading.totalLoadedClassesCount=5764]
26-01-2018 09:15:44 1516958144681 Metric[classloading.unloadedClassCount=0]
26-01-2018 09:15:44 1516958144681 Metric[executionService.userExecutorQueueSize=0]
26-01-2018 09:15:44 1516958144681 Metric[file.partition[user.home].freeSpace=289151393792]
26-01-2018 09:15:44 1516958144681 Metric[file.partition[user.home].totalSpace=511515291648]
26-01-2018 09:15:44 1516958144681 Metric[file.partition[user.home].usableSpace=289151393792]
26-01-2018 09:15:44 1516958144681 Metric[gc.majorCount=1]
26-01-2018 09:15:44 1516958144681 Metric[gc.majorTime=24]
26-01-2018 09:15:44 1516958144681 Metric[gc.minorCount=2]
26-01-2018 09:15:44 1516958144681 Metric[gc.minorTime=14]
26-01-2018 09:15:44 1516958144681 Metric[gc.unknownCount=0]
26-01-2018 09:15:44 1516958144681 Metric[gc.unknownTime=0]
26-01-2018 09:15:44 1516958144681 Metric[invocations.pendingCalls=0]
26-01-2018 09:15:44 1516958144681 Metric[listeners.eventHandlerCount=2]
26-01-2018 09:15:44 1516958144681 Metric[listeners.eventQueueSize=0]
26-01-2018 09:15:44 1516958144681 Metric[listeners.eventsProcessed=12]
26-01-2018 09:15:44 1516958144681 Metric[os.committedVirtualMemorySize=783933440]
26-01-2018 09:15:44 1516958144681 Metric[os.freePhysicalMemorySize=22826405888]
26-01-2018 09:15:44 1516958144681 Metric[os.freeSwapSpaceSize=21279547392]
26-01-2018 09:15:44 1516958144681 Metric[os.processCpuLoad=0.0018053115095338934]
26-01-2018 09:15:44 1516958144681 Metric[os.processCpuTime=9078125000]
26-01-2018 09:15:44 1516958144681 Metric[os.systemCpuLoad=0.4259108338398605]
26-01-2018 09:15:44 1516958144681 Metric[os.systemLoadAverage=-100.0]
26-01-2018 09:15:44 1516958144681 Metric[os.totalPhysicalMemorySize=34246524928]
26-01-2018 09:15:44 1516958144681 Metric[os.totalSwapSpaceSize=39346798592]
26-01-2018 09:15:44 1516958144681 Metric[runtime.availableProcessors=4]
26-01-2018 09:15:44 1516958144681 Metric[runtime.freeMemory=286261584]
26-01-2018 09:15:44 1516958144681 Metric[runtime.maxMemory=7611613184]
26-01-2018 09:15:44 1516958144681 Metric[runtime.totalMemory=391643136]
26-01-2018 09:15:44 1516958144681 Metric[runtime.uptime=71515]
26-01-2018 09:15:44 1516958144681 Metric[runtime.usedMemory=105381552]
26-01-2018 09:15:44 1516958144681 Metric[thread.daemonThreadCount=5]
26-01-2018 09:15:44 1516958144681 Metric[thread.peakThreadCount=65]
26-01-2018 09:15:44 1516958144681 Metric[thread.threadCount=63]
26-01-2018 09:15:44 1516958144681 Metric[thread.totalStartedThreadCount=67]
26-01-2018 09:16:44 1516958204681 Metric[classloading.loadedClassesCount=5765]
26-01-2018 09:16:44 1516958204681 Metric[classloading.totalLoadedClassesCount=5765]
26-01-2018 09:16:44 1516958204681 Metric[classloading.unloadedClassCount=0]
26-01-2018 09:16:44 1516958204681 Metric[executionService.userExecutorQueueSize=0]
26-01-2018 09:16:44 1516958204681 Metric[file.partition[user.home].freeSpace=289291063296]
26-01-2018 09:16:44 1516958204681 Metric[file.partition[user.home].totalSpace=511515291648]
26-01-2018 09:16:44 1516958204681 Metric[file.partition[user.home].usableSpace=289291063296]
26-01-2018 09:16:44 1516958204681 Metric[gc.majorCount=1]
26-01-2018 09:16:44 1516958204681 Metric[gc.majorTime=24]
26-01-2018 09:16:44 1516958204681 Metric[gc.minorCount=2]
26-01-2018 09:16:44 1516958204681 Metric[gc.minorTime=14]
26-01-2018 09:16:44 1516958204681 Metric[gc.unknownCount=0]
26-01-2018 09:16:44 1516958204681 Metric[gc.unknownTime=0]
26-01-2018 09:16:44 1516958204681 Metric[invocations.pendingCalls=0]
26-01-2018 09:16:44 1516958204681 Metric[listeners.eventHandlerCount=2]
26-01-2018 09:16:44 1516958204681 Metric[listeners.eventQueueSize=0]
26-01-2018 09:16:44 1516958204681 Metric[listeners.eventsProcessed=17]
26-01-2018 09:16:44 1516958204681 Metric[os.committedVirtualMemorySize=783261696]
26-01-2018 09:16:44 1516958204681 Metric[os.freePhysicalMemorySize=22597111808]
26-01-2018 09:16:44 1516958204681 Metric[os.freeSwapSpaceSize=21087916032]
26-01-2018 09:16:44 1516958204681 Metric[os.processCpuLoad=0.002605194850234226]
26-01-2018 09:16:44 1516958204681 Metric[os.processCpuTime=10484375000]
26-01-2018 09:16:44 1516958204681 Metric[os.systemCpuLoad=0.690086307649495]
26-01-2018 09:16:44 1516958204681 Metric[os.systemLoadAverage=-100.0]
26-01-2018 09:16:44 1516958204681 Metric[os.totalPhysicalMemorySize=34246524928]
26-01-2018 09:16:44 1516958204681 Metric[os.totalSwapSpaceSize=39346798592]
26-01-2018 09:16:44 1516958204681 Metric[runtime.availableProcessors=4]
26-01-2018 09:16:44 1516958204681 Metric[runtime.freeMemory=280871040]
26-01-2018 09:16:44 1516958204681 Metric[runtime.maxMemory=7611613184]
26-01-2018 09:16:44 1516958204681 Metric[runtime.totalMemory=391643136]
26-01-2018 09:16:44 1516958204681 Metric[runtime.uptime=131518]
26-01-2018 09:16:44 1516958204681 Metric[runtime.usedMemory=110772096]
26-01-2018 09:16:44 1516958204681 Metric[thread.daemonThreadCount=5]
26-01-2018 09:16:44 1516958204681 Metric[thread.peakThreadCount=65]
26-01-2018 09:16:44 1516958204681 Metric[thread.threadCount=64]
26-01-2018 09:16:44 1516958204681 Metric[thread.totalStartedThreadCount=68]
26-01-2018 09:17:44 1516958264681 Metric[classloading.loadedClassesCount=5790]
26-01-2018 09:17:44 1516958264681 Metric[classloading.totalLoadedClassesCount=5790]
26-01-2018 09:17:44 1516958264681 Metric[classloading.unloadedClassCount=0]
26-01-2018 09:17:44 1516958264681 Metric[executionService.userExecutorQueueSize=0]
26-01-2018 09:17:44 1516958264681 Metric[file.partition[user.home].freeSpace=289290649600]
26-01-2018 09:17:44 1516958264681 Metric[file.partition[user.home].totalSpace=511515291648]
26-01-2018 09:17:44 1516958264681 Metric[file.partition[user.home].usableSpace=289290649600]
26-01-2018 09:17:44 1516958264681 Metric[gc.majorCount=1]
26-01-2018 09:17:44 1516958264681 Metric[gc.majorTime=24]
26-01-2018 09:17:44 1516958264681 Metric[gc.minorCount=2]
26-01-2018 09:17:44 1516958264681 Metric[gc.minorTime=14]
26-01-2018 09:17:44 1516958264681 Metric[gc.unknownCount=0]
26-01-2018 09:17:44 1516958264681 Metric[gc.unknownTime=0]
26-01-2018 09:17:44 1516958264681 Metric[invocations.pendingCalls=0]
26-01-2018 09:17:44 1516958264681 Metric[listeners.eventHandlerCount=2]
26-01-2018 09:17:44 1516958264681 Metric[listeners.eventQueueSize=0]
26-01-2018 09:17:44 1516958264681 Metric[listeners.eventsProcessed=22]
26-01-2018 09:17:44 1516958264681 Metric[os.committedVirtualMemorySize=788987904]
26-01-2018 09:17:44 1516958264681 Metric[os.freePhysicalMemorySize=22425743360]
26-01-2018 09:17:44 1516958264681 Metric[os.freeSwapSpaceSize=20994707456]
26-01-2018 09:17:44 1516958264681 Metric[os.processCpuLoad=0.03633840207113775]
26-01-2018 09:17:44 1516958264681 Metric[os.processCpuTime=12718750000]
26-01-2018 09:17:44 1516958264681 Metric[os.systemCpuLoad=0.11883339155285721]
26-01-2018 09:17:44 1516958264681 Metric[os.systemLoadAverage=-100.0]
26-01-2018 09:17:44 1516958264681 Metric[os.totalPhysicalMemorySize=34246524928]
26-01-2018 09:17:44 1516958264681 Metric[os.totalSwapSpaceSize=39346798592]
26-01-2018 09:17:44 1516958264681 Metric[runtime.availableProcessors=4]
26-01-2018 09:17:44 1516958264681 Metric[runtime.freeMemory=274799944]
26-01-2018 09:17:44 1516958264681 Metric[runtime.maxMemory=7611613184]
26-01-2018 09:17:44 1516958264681 Metric[runtime.totalMemory=391643136]
26-01-2018 09:17:44 1516958264681 Metric[runtime.uptime=191537]
26-01-2018 09:17:44 1516958264681 Metric[runtime.usedMemory=116843192]
26-01-2018 09:17:44 1516958264681 Metric[thread.daemonThreadCount=6]
26-01-2018 09:17:44 1516958264681 Metric[thread.peakThreadCount=65]
26-01-2018 09:17:44 1516958264681 Metric[thread.threadCount=64]
26-01-2018 09:17:44 1516958264681 Metric[thread.totalStartedThreadCount=69]
